<?xml version="1.0" encoding="UTF-8"?>
<testsuites name="TS1" time="1" tests="1" failures="0" errors="0">
   <testsuite name="TS1" tests="1" failures="0" errors="0" time="1" timestamp="2019-03-28 10:02:46" hostname="qcq0264 - N01-0370.quick.local" id="Test Suites/TS1">
      <properties>
         <property name="deviceName" value=""/>
         <property name="devicePlatform" value=""/>
         <property name="logFolder" value="C:\\Users\\qcq0264\\katalon-workspace\\MethodCodeTooLarge\\Reports\\TS1\\20190328_100243"/>
         <property name="logFiles" value="C:\\Users\\qcq0264\\katalon-workspace\\MethodCodeTooLarge\\Reports\\TS1\\20190328_100243\\execution0.log"/>
         <property name="attachments" value=""/>
         <property name="hostName" value="qcq0264 - N01-0370.quick.local"/>
         <property name="hostAddress" value="192.168.56.1"/>
         <property name="os" value="Windows 7 64bit"/>
         <property name="katalonVersion" value="6.1.0.1"/>
      </properties>
      <testcase name="Test Cases/TC1" classname="Test Cases/TC1" status="PASSED">
         <system-out><![CDATA[2019-03-28 10:02:47 - [TEST_CASE][PASSED] - Test Cases/TC1: Test Cases/TC1

2019-03-28 10:02:47 - [TEST_STEP][PASSED] - comment("Setup"): Setup

2019-03-28 10:02:47 - [MESSAGE][INFO] - Setup

2019-03-28 10:02:47 - [TEST_STEP][PASSED] - requestUrl = "http://demoaut.katalon.com": null

2019-03-28 10:02:47 - [TEST_STEP][PASSED] - adminToken = "foo": null

2019-03-28 10:02:47 - [TEST_STEP][PASSED] - jsonTemplate = text: null

2019-03-28 10:02:47 - [TEST_STEP][PASSED] - bindings = ["campaign":campaign, "event":event]: null]]></system-out>
         <system-err><![CDATA[]]></system-err>
      </testcase>
      <system-out><![CDATA[2019-03-28 10:02:46 - [TEST_SUITE][PASSED] - TS1: Test Cases/TC1]]></system-out>
      <system-err><![CDATA[]]></system-err>
   </testsuite>
</testsuites>
